<?xml version="1.0" encoding="UTF-8"?>
<!-- Generated by org.testng.reporters.JUnitReportReporter -->
<testsuite hostname="Hosam-PC" name="Test.HashtagTest" tests="2" failures="0" timestamp="10 May 2015 18:22:59 GMT" time="0.679" errors="0">
  <testcase name="Viewhashtags" time="0.000" classname="Test.HashtagTest"/>
  <testcase name="AddHashtag" time="0.679" classname="Test.HashtagTest"/>
</testsuite> <!-- Test.HashtagTest -->
