<?xml version="1.0" encoding="UTF-8"?>
<!-- Generated by org.testng.reporters.JUnitReportReporter -->
<testsuite hostname="Khaled-PC" name="Test.pageTest" tests="6" failures="0" timestamp="10 May 2015 15:51:31 GMT" time="0.831" errors="0">
  <testcase name="ViewPosts" time="0.005" classname="Test.pageTest"/>
  <testcase name="PageSearch" time="0.001" classname="Test.pageTest"/>
  <testcase name="newpage" time="0.156" classname="Test.pageTest"/>
  <testcase name="LikePost" time="0.660" classname="Test.pageTest"/>
  <testcase name="newpagepost" time="0.007" classname="Test.pageTest"/>
  <testcase name="gethashes" time="0.002" classname="Test.pageTest"/>
</testsuite> <!-- Test.pageTest -->
