<?xml version="1.0" encoding="UTF-8"?>
<!-- Generated by org.testng.reporters.JUnitReportReporter -->
<testsuite hostname="Khaled-PC" name="Test.UserEntityTest" tests="6" failures="0" timestamp="10 May 2015 17:13:10 GMT" time="0.740" errors="0">
  <testcase name="acceptRequset" time="0.610" classname="Test.UserEntityTest"/>
  <testcase name="searchforuser" time="0.004" classname="Test.UserEntityTest"/>
  <testcase name="getUser" time="0.003" classname="Test.UserEntityTest"/>
  <testcase name="saveRequset" time="0.116" classname="Test.UserEntityTest"/>
  <testcase name="viewRequset" time="0.003" classname="Test.UserEntityTest"/>
  <testcase name="saveUser" time="0.004" classname="Test.UserEntityTest"/>
</testsuite> <!-- Test.UserEntityTest -->
