<?xml version="1.0" encoding="UTF-8"?>
<!-- Generated by org.testng.reporters.JUnitReportReporter -->
<testsuite hostname="Khaled-PC" name="Test.MessagesTest" tests="1" failures="0" timestamp="10 May 2015 15:19:09 GMT" time="0.885" errors="0">
  <testcase name="sendmsg" time="0.885" classname="Test.MessagesTest"/>
</testsuite> <!-- Test.MessagesTest -->
