<?xml version="1.0" encoding="UTF-8"?>
<!-- Generated by org.testng.reporters.JUnitReportReporter -->
<testsuite hostname="Khaled-PC" name="Test.PostTest" tests="3" failures="0" timestamp="10 May 2015 16:00:22 GMT" time="0.903" errors="0">
  <testcase name="newpost" time="0.158" classname="Test.PostTest"/>
  <testcase name="ViewPosts" time="0.005" classname="Test.PostTest"/>
  <testcase name="LikePost" time="0.740" classname="Test.PostTest"/>
</testsuite> <!-- Test.PostTest -->
